2022-06-05 00:00:02.157  WARN 20540 --- [http-nio-8080-exec-7] .w.s.m.s.DefaultHandlerExceptionResolver : Resolved [org.springframework.http.converter.HttpMessageNotReadableException: Required request body is missing: public org.springframework.http.ResponseEntity<com.example.bookmanagement.DTO.API> com.example.bookmanagement.controller.LoanController.LoanBook(com.example.bookmanagement.modle.Loan,org.springframework.validation.Errors)]
2022-06-05 00:15:19.357  INFO 20540 --- [SpringApplicationShutdownHook] j.LocalContainerEntityManagerFactoryBean : Closing JPA EntityManagerFactory for persistence unit 'default'
2022-06-05 00:15:19.360  INFO 20540 --- [SpringApplicationShutdownHook] com.zaxxer.hikari.HikariDataSource       : HikariPool-1 - Shutdown initiated...
2022-06-05 00:15:19.370  INFO 20540 --- [SpringApplicationShutdownHook] com.zaxxer.hikari.HikariDataSource       : HikariPool-1 - Shutdown completed.
2022-06-05 00:15:29.348  INFO 24084 --- [main] c.e.b.BookManagementApplication          : Starting BookManagementApplication using Java 18.0.1.1 on LAPTOP-I771FBLT with PID 24084 (C:\Users\may\Desktop\BookManagement\target\classes started by may in C:\Users\may\Desktop\BookManagement)
2022-06-05 00:15:29.351  INFO 24084 --- [main] c.e.b.BookManagementApplication          : No active profile set, falling back to 1 default profile: "default"
2022-06-05 00:15:30.273  INFO 24084 --- [main] .s.d.r.c.RepositoryConfigurationDelegate : Bootstrapping Spring Data JPA repositories in DEFAULT mode.
2022-06-05 00:15:30.360  INFO 24084 --- [main] .s.d.r.c.RepositoryConfigurationDelegate : Finished Spring Data repository scanning in 69 ms. Found 3 JPA repository interfaces.
2022-06-05 00:15:31.080  INFO 24084 --- [main] o.s.b.w.embedded.tomcat.TomcatWebServer  : Tomcat initialized with port(s): 8080 (http)
2022-06-05 00:15:31.094  INFO 24084 --- [main] o.apache.catalina.core.StandardService   : Starting service [Tomcat]
2022-06-05 00:15:31.095  INFO 24084 --- [main] org.apache.catalina.core.StandardEngine  : Starting Servlet engine: [Apache Tomcat/9.0.63]
2022-06-05 00:15:31.238  INFO 24084 --- [main] o.a.c.c.C.[Tomcat].[localhost].[/]       : Initializing Spring embedded WebApplicationContext
2022-06-05 00:15:31.239  INFO 24084 --- [main] w.s.c.ServletWebServerApplicationContext : Root WebApplicationContext: initialization completed in 1846 ms
2022-06-05 00:15:31.375  INFO 24084 --- [main] o.hibernate.jpa.internal.util.LogHelper  : HHH000204: Processing PersistenceUnitInfo [name: default]
2022-06-05 00:15:31.421  INFO 24084 --- [main] org.hibernate.Version                    : HHH000412: Hibernate ORM core version 5.6.9.Final
2022-06-05 00:15:31.546  INFO 24084 --- [main] o.hibernate.annotations.common.Version   : HCANN000001: Hibernate Commons Annotations {5.1.2.Final}
2022-06-05 00:15:31.632  INFO 24084 --- [main] com.zaxxer.hikari.HikariDataSource       : HikariPool-1 - Starting...
2022-06-05 00:15:31.797  INFO 24084 --- [main] com.zaxxer.hikari.HikariDataSource       : HikariPool-1 - Start completed.
2022-06-05 00:15:31.809  INFO 24084 --- [main] org.hibernate.dialect.Dialect            : HHH000400: Using dialect: org.hibernate.dialect.MySQL5InnoDBDialect
2022-06-05 00:15:32.363  INFO 24084 --- [main] o.h.e.t.j.p.i.JtaPlatformInitiator       : HHH000490: Using JtaPlatform implementation: [org.hibernate.engine.transaction.jta.platform.internal.NoJtaPlatform]
2022-06-05 00:15:32.366  INFO 24084 --- [main] j.LocalContainerEntityManagerFactoryBean : Initialized JPA EntityManagerFactory for persistence unit 'default'
2022-06-05 00:15:32.756  WARN 24084 --- [main] JpaBaseConfiguration$JpaWebConfiguration : spring.jpa.open-in-view is enabled by default. Therefore, database queries may be performed during view rendering. Explicitly configure spring.jpa.open-in-view to disable this warning
2022-06-05 00:15:33.185  INFO 24084 --- [main] o.s.b.w.embedded.tomcat.TomcatWebServer  : Tomcat started on port(s): 8080 (http) with context path ''
2022-06-05 00:15:33.206  INFO 24084 --- [main] c.e.b.BookManagementApplication          : Started BookManagementApplication in 4.326 seconds (JVM running for 5.103)
2022-06-05 00:15:39.508  INFO 24084 --- [http-nio-8080-exec-2] o.a.c.c.C.[Tomcat].[localhost].[/]       : Initializing Spring DispatcherServlet 'dispatcherServlet'
2022-06-05 00:15:39.509  INFO 24084 --- [http-nio-8080-exec-2] o.s.web.servlet.DispatcherServlet        : Initializing Servlet 'dispatcherServlet'
2022-06-05 00:15:39.512  INFO 24084 --- [http-nio-8080-exec-2] o.s.web.servlet.DispatcherServlet        : Completed initialization in 2 ms
2022-06-05 00:17:49.350  INFO 24084 --- [SpringApplicationShutdownHook] j.LocalContainerEntityManagerFactoryBean : Closing JPA EntityManagerFactory for persistence unit 'default'
2022-06-05 00:17:49.354  INFO 24084 --- [SpringApplicationShutdownHook] com.zaxxer.hikari.HikariDataSource       : HikariPool-1 - Shutdown initiated...
2022-06-05 00:17:49.362  INFO 24084 --- [SpringApplicationShutdownHook] com.zaxxer.hikari.HikariDataSource       : HikariPool-1 - Shutdown completed.
2022-06-05 00:17:54.518  INFO 22192 --- [main] c.e.b.BookManagementApplication          : Starting BookManagementApplication using Java 18.0.1.1 on LAPTOP-I771FBLT with PID 22192 (C:\Users\may\Desktop\BookManagement\target\classes started by may in C:\Users\may\Desktop\BookManagement)
2022-06-05 00:17:54.521  INFO 22192 --- [main] c.e.b.BookManagementApplication          : No active profile set, falling back to 1 default profile: "default"
2022-06-05 00:17:55.213  INFO 22192 --- [main] .s.d.r.c.RepositoryConfigurationDelegate : Bootstrapping Spring Data JPA repositories in DEFAULT mode.
2022-06-05 00:17:55.308  INFO 22192 --- [main] .s.d.r.c.RepositoryConfigurationDelegate : Finished Spring Data repository scanning in 81 ms. Found 3 JPA repository interfaces.
2022-06-05 00:17:56.091  INFO 22192 --- [main] o.s.b.w.embedded.tomcat.TomcatWebServer  : Tomcat initialized with port(s): 8080 (http)
2022-06-05 00:17:56.123  INFO 22192 --- [main] o.apache.catalina.core.StandardService   : Starting service [Tomcat]
2022-06-05 00:17:56.124  INFO 22192 --- [main] org.apache.catalina.core.StandardEngine  : Starting Servlet engine: [Apache Tomcat/9.0.63]
2022-06-05 00:17:56.272  INFO 22192 --- [main] o.a.c.c.C.[Tomcat].[localhost].[/]       : Initializing Spring embedded WebApplicationContext
2022-06-05 00:17:56.273  INFO 22192 --- [main] w.s.c.ServletWebServerApplicationContext : Root WebApplicationContext: initialization completed in 1703 ms
2022-06-05 00:17:56.554  INFO 22192 --- [main] o.hibernate.jpa.internal.util.LogHelper  : HHH000204: Processing PersistenceUnitInfo [name: default]
2022-06-05 00:17:56.655  INFO 22192 --- [main] org.hibernate.Version                    : HHH000412: Hibernate ORM core version 5.6.9.Final
2022-06-05 00:17:56.897  INFO 22192 --- [main] o.hibernate.annotations.common.Version   : HCANN000001: Hibernate Commons Annotations {5.1.2.Final}
2022-06-05 00:17:57.157  INFO 22192 --- [main] com.zaxxer.hikari.HikariDataSource       : HikariPool-1 - Starting...
2022-06-05 00:17:57.555  INFO 22192 --- [main] com.zaxxer.hikari.HikariDataSource       : HikariPool-1 - Start completed.
2022-06-05 00:17:57.584  INFO 22192 --- [main] org.hibernate.dialect.Dialect            : HHH000400: Using dialect: org.hibernate.dialect.MySQL5InnoDBDialect
2022-06-05 00:17:59.261  INFO 22192 --- [main] o.h.e.t.j.p.i.JtaPlatformInitiator       : HHH000490: Using JtaPlatform implementation: [org.hibernate.engine.transaction.jta.platform.internal.NoJtaPlatform]
2022-06-05 00:17:59.280  INFO 22192 --- [main] j.LocalContainerEntityManagerFactoryBean : Initialized JPA EntityManagerFactory for persistence unit 'default'
2022-06-05 00:18:00.189  WARN 22192 --- [main] JpaBaseConfiguration$JpaWebConfiguration : spring.jpa.open-in-view is enabled by default. Therefore, database queries may be performed during view rendering. Explicitly configure spring.jpa.open-in-view to disable this warning
2022-06-05 00:18:00.983  INFO 22192 --- [main] o.s.b.w.embedded.tomcat.TomcatWebServer  : Tomcat started on port(s): 8080 (http) with context path ''
2022-06-05 00:18:01.001  INFO 22192 --- [main] c.e.b.BookManagementApplication          : Started BookManagementApplication in 7.033 seconds (JVM running for 7.743)
2022-06-05 00:18:04.580  INFO 22192 --- [http-nio-8080-exec-2] o.a.c.c.C.[Tomcat].[localhost].[/]       : Initializing Spring DispatcherServlet 'dispatcherServlet'
2022-06-05 00:18:04.581  INFO 22192 --- [http-nio-8080-exec-2] o.s.web.servlet.DispatcherServlet        : Initializing Servlet 'dispatcherServlet'
2022-06-05 00:18:04.584  INFO 22192 --- [http-nio-8080-exec-2] o.s.web.servlet.DispatcherServlet        : Completed initialization in 2 ms
2022-06-05 00:18:37.549  INFO 22192 --- [http-nio-8080-exec-4] c.e.b.controller.LoanController          : loan book
2022-06-05 00:19:34.701  INFO 22192 --- [http-nio-8080-exec-6] c.e.b.controller.LoanController          : loan book
2022-06-05 00:20:01.711  INFO 22192 --- [http-nio-8080-exec-8] c.e.b.controller.LoanController          : loan book
2022-06-05 00:20:01.946  INFO 22192 --- [http-nio-8080-exec-8] c.e.b.controller.LoanController          : New load is added to database
2022-06-05 00:20:28.732  INFO 22192 --- [SpringApplicationShutdownHook] j.LocalContainerEntityManagerFactoryBean : Closing JPA EntityManagerFactory for persistence unit 'default'
2022-06-05 00:20:28.734  INFO 22192 --- [SpringApplicationShutdownHook] com.zaxxer.hikari.HikariDataSource       : HikariPool-1 - Shutdown initiated...
2022-06-05 00:20:28.742  INFO 22192 --- [SpringApplicationShutdownHook] com.zaxxer.hikari.HikariDataSource       : HikariPool-1 - Shutdown completed.
2022-06-05 00:20:32.980  INFO 23984 --- [main] c.e.b.BookManagementApplication          : Starting BookManagementApplication using Java 18.0.1.1 on LAPTOP-I771FBLT with PID 23984 (C:\Users\may\Desktop\BookManagement\target\classes started by may in C:\Users\may\Desktop\BookManagement)
2022-06-05 00:20:32.983  INFO 23984 --- [main] c.e.b.BookManagementApplication          : No active profile set, falling back to 1 default profile: "default"
2022-06-05 00:20:33.706  INFO 23984 --- [main] .s.d.r.c.RepositoryConfigurationDelegate : Bootstrapping Spring Data JPA repositories in DEFAULT mode.
2022-06-05 00:20:33.791  INFO 23984 --- [main] .s.d.r.c.RepositoryConfigurationDelegate : Finished Spring Data repository scanning in 73 ms. Found 3 JPA repository interfaces.
2022-06-05 00:20:34.542  INFO 23984 --- [main] o.s.b.w.embedded.tomcat.TomcatWebServer  : Tomcat initialized with port(s): 8080 (http)
2022-06-05 00:20:34.557  INFO 23984 --- [main] o.apache.catalina.core.StandardService   : Starting service [Tomcat]
2022-06-05 00:20:34.557  INFO 23984 --- [main] org.apache.catalina.core.StandardEngine  : Starting Servlet engine: [Apache Tomcat/9.0.63]
2022-06-05 00:20:34.757  INFO 23984 --- [main] o.a.c.c.C.[Tomcat].[localhost].[/]       : Initializing Spring embedded WebApplicationContext
2022-06-05 00:20:34.758  INFO 23984 --- [main] w.s.c.ServletWebServerApplicationContext : Root WebApplicationContext: initialization completed in 1732 ms
2022-06-05 00:20:34.941  INFO 23984 --- [main] o.hibernate.jpa.internal.util.LogHelper  : HHH000204: Processing PersistenceUnitInfo [name: default]
2022-06-05 00:20:34.984  INFO 23984 --- [main] org.hibernate.Version                    : HHH000412: Hibernate ORM core version 5.6.9.Final
2022-06-05 00:20:35.131  INFO 23984 --- [main] o.hibernate.annotations.common.Version   : HCANN000001: Hibernate Commons Annotations {5.1.2.Final}
2022-06-05 00:20:35.214  INFO 23984 --- [main] com.zaxxer.hikari.HikariDataSource       : HikariPool-1 - Starting...
2022-06-05 00:20:35.413  INFO 23984 --- [main] com.zaxxer.hikari.HikariDataSource       : HikariPool-1 - Start completed.
2022-06-05 00:20:35.425  INFO 23984 --- [main] org.hibernate.dialect.Dialect            : HHH000400: Using dialect: org.hibernate.dialect.MySQL5InnoDBDialect
2022-06-05 00:20:36.524  INFO 23984 --- [main] o.h.e.t.j.p.i.JtaPlatformInitiator       : HHH000490: Using JtaPlatform implementation: [org.hibernate.engine.transaction.jta.platform.internal.NoJtaPlatform]
2022-06-05 00:20:36.533  INFO 23984 --- [main] j.LocalContainerEntityManagerFactoryBean : Initialized JPA EntityManagerFactory for persistence unit 'default'
2022-06-05 00:20:37.172  WARN 23984 --- [main] JpaBaseConfiguration$JpaWebConfiguration : spring.jpa.open-in-view is enabled by default. Therefore, database queries may be performed during view rendering. Explicitly configure spring.jpa.open-in-view to disable this warning
2022-06-05 00:20:37.584  INFO 23984 --- [main] o.s.b.w.embedded.tomcat.TomcatWebServer  : Tomcat started on port(s): 8080 (http) with context path ''
2022-06-05 00:20:37.590  INFO 23984 --- [main] c.e.b.BookManagementApplication          : Started BookManagementApplication in 5.116 seconds (JVM running for 5.924)
2022-06-05 00:20:39.531  INFO 23984 --- [SpringApplicationShutdownHook] j.LocalContainerEntityManagerFactoryBean : Closing JPA EntityManagerFactory for persistence unit 'default'
2022-06-05 00:20:39.532  INFO 23984 --- [SpringApplicationShutdownHook] com.zaxxer.hikari.HikariDataSource       : HikariPool-1 - Shutdown initiated...
2022-06-05 00:20:39.537  INFO 23984 --- [SpringApplicationShutdownHook] com.zaxxer.hikari.HikariDataSource       : HikariPool-1 - Shutdown completed.
2022-06-05 02:48:25.508  INFO 24052 --- [main] c.e.b.BookManagementApplication          : Starting BookManagementApplication using Java 18.0.1.1 on LAPTOP-I771FBLT with PID 24052 (C:\Users\may\Desktop\BookManagement\target\classes started by may in C:\Users\may\Desktop\BookManagement)
2022-06-05 02:48:25.510  INFO 24052 --- [main] c.e.b.BookManagementApplication          : No active profile set, falling back to 1 default profile: "default"
2022-06-05 02:48:25.870  INFO 24052 --- [main] .s.d.r.c.RepositoryConfigurationDelegate : Bootstrapping Spring Data JPA repositories in DEFAULT mode.
2022-06-05 02:48:25.903  INFO 24052 --- [main] .s.d.r.c.RepositoryConfigurationDelegate : Finished Spring Data repository scanning in 27 ms. Found 3 JPA repository interfaces.
2022-06-05 02:48:26.201  INFO 24052 --- [main] o.s.b.w.embedded.tomcat.TomcatWebServer  : Tomcat initialized with port(s): 8080 (http)
2022-06-05 02:48:26.205  INFO 24052 --- [main] o.apache.catalina.core.StandardService   : Starting service [Tomcat]
2022-06-05 02:48:26.205  INFO 24052 --- [main] org.apache.catalina.core.StandardEngine  : Starting Servlet engine: [Apache Tomcat/9.0.63]
2022-06-05 02:48:26.265  INFO 24052 --- [main] o.a.c.c.C.[Tomcat].[localhost].[/]       : Initializing Spring embedded WebApplicationContext
2022-06-05 02:48:26.265  INFO 24052 --- [main] w.s.c.ServletWebServerApplicationContext : Root WebApplicationContext: initialization completed in 724 ms
2022-06-05 02:48:26.349  INFO 24052 --- [main] o.hibernate.jpa.internal.util.LogHelper  : HHH000204: Processing PersistenceUnitInfo [name: default]
2022-06-05 02:48:26.370  INFO 24052 --- [main] org.hibernate.Version                    : HHH000412: Hibernate ORM core version 5.6.9.Final
2022-06-05 02:48:26.433  INFO 24052 --- [main] o.hibernate.annotations.common.Version   : HCANN000001: Hibernate Commons Annotations {5.1.2.Final}
2022-06-05 02:48:26.488  INFO 24052 --- [main] com.zaxxer.hikari.HikariDataSource       : HikariPool-1 - Starting...
2022-06-05 02:48:26.563  INFO 24052 --- [main] com.zaxxer.hikari.HikariDataSource       : HikariPool-1 - Start completed.
2022-06-05 02:48:26.570  INFO 24052 --- [main] org.hibernate.dialect.Dialect            : HHH000400: Using dialect: org.hibernate.dialect.MySQL5InnoDBDialect
2022-06-05 02:48:26.965  INFO 24052 --- [main] o.h.e.t.j.p.i.JtaPlatformInitiator       : HHH000490: Using JtaPlatform implementation: [org.hibernate.engine.transaction.jta.platform.internal.NoJtaPlatform]
2022-06-05 02:48:26.970  INFO 24052 --- [main] j.LocalContainerEntityManagerFactoryBean : Initialized JPA EntityManagerFactory for persistence unit 'default'
2022-06-05 02:48:27.206  WARN 24052 --- [main] JpaBaseConfiguration$JpaWebConfiguration : spring.jpa.open-in-view is enabled by default. Therefore, database queries may be performed during view rendering. Explicitly configure spring.jpa.open-in-view to disable this warning
2022-06-05 02:48:27.405  INFO 24052 --- [main] o.s.b.w.embedded.tomcat.TomcatWebServer  : Tomcat started on port(s): 8080 (http) with context path ''
2022-06-05 02:48:27.412  INFO 24052 --- [main] c.e.b.BookManagementApplication          : Started BookManagementApplication in 2.137 seconds (JVM running for 2.548)
2022-06-05 08:38:38.486  WARN 24052 --- [HikariPool-1 housekeeper] com.zaxxer.hikari.pool.HikariPool        : HikariPool-1 - Thread starvation or clock leap detected (housekeeper delta=5h47m41s779ms100µs800ns).
2022-06-05 09:50:51.862  WARN 24052 --- [HikariPool-1 housekeeper] com.zaxxer.hikari.pool.HikariPool        : HikariPool-1 - Thread starvation or clock leap detected (housekeeper delta=49m42s982ms396µs800ns).
2022-06-05 10:04:27.201  WARN 24052 --- [HikariPool-1 housekeeper] com.zaxxer.hikari.pool.HikariPool        : HikariPool-1 - Thread starvation or clock leap detected (housekeeper delta=8m35s254ms773µs600ns).
2022-06-05 10:09:12.375  INFO 24052 --- [SpringApplicationShutdownHook] j.LocalContainerEntityManagerFactoryBean : Closing JPA EntityManagerFactory for persistence unit 'default'
2022-06-05 10:09:12.382  INFO 24052 --- [SpringApplicationShutdownHook] com.zaxxer.hikari.HikariDataSource       : HikariPool-1 - Shutdown initiated...
2022-06-05 10:09:12.387  INFO 24052 --- [SpringApplicationShutdownHook] com.zaxxer.hikari.HikariDataSource       : HikariPool-1 - Shutdown completed.
2022-06-05 10:12:45.530  INFO 15344 --- [main] c.e.b.BookManagementApplication          : Starting BookManagementApplication using Java 18.0.1.1 on LAPTOP-I771FBLT with PID 15344 (C:\Users\may\Desktop\BookManagement\target\classes started by may in C:\Users\may\Desktop\BookManagement)
2022-06-05 10:12:45.533  INFO 15344 --- [main] c.e.b.BookManagementApplication          : No active profile set, falling back to 1 default profile: "default"
2022-06-05 10:12:46.486  INFO 15344 --- [main] .s.d.r.c.RepositoryConfigurationDelegate : Bootstrapping Spring Data JPA repositories in DEFAULT mode.
2022-06-05 10:12:46.566  INFO 15344 --- [main] .s.d.r.c.RepositoryConfigurationDelegate : Finished Spring Data repository scanning in 69 ms. Found 3 JPA repository interfaces.
2022-06-05 10:12:47.177  INFO 15344 --- [main] o.s.b.w.embedded.tomcat.TomcatWebServer  : Tomcat initialized with port(s): 8080 (http)
2022-06-05 10:12:47.185  INFO 15344 --- [main] o.apache.catalina.core.StandardService   : Starting service [Tomcat]
2022-06-05 10:12:47.186  INFO 15344 --- [main] org.apache.catalina.core.StandardEngine  : Starting Servlet engine: [Apache Tomcat/9.0.63]
2022-06-05 10:12:47.377  INFO 15344 --- [main] o.a.c.c.C.[Tomcat].[localhost].[/]       : Initializing Spring embedded WebApplicationContext
2022-06-05 10:12:47.378  INFO 15344 --- [main] w.s.c.ServletWebServerApplicationContext : Root WebApplicationContext: initialization completed in 1787 ms
2022-06-05 10:12:47.545  INFO 15344 --- [main] o.hibernate.jpa.internal.util.LogHelper  : HHH000204: Processing PersistenceUnitInfo [name: default]
2022-06-05 10:12:47.598  INFO 15344 --- [main] org.hibernate.Version                    : HHH000412: Hibernate ORM core version 5.6.9.Final
2022-06-05 10:12:47.703  INFO 15344 --- [main] o.hibernate.annotations.common.Version   : HCANN000001: Hibernate Commons Annotations {5.1.2.Final}
2022-06-05 10:12:47.808  INFO 15344 --- [main] com.zaxxer.hikari.HikariDataSource       : HikariPool-1 - Starting...
2022-06-05 10:12:47.970  INFO 15344 --- [main] com.zaxxer.hikari.HikariDataSource       : HikariPool-1 - Start completed.
2022-06-05 10:12:47.978  INFO 15344 --- [main] org.hibernate.dialect.Dialect            : HHH000400: Using dialect: org.hibernate.dialect.MySQL5InnoDBDialect
2022-06-05 10:12:48.995  INFO 15344 --- [main] o.h.e.t.j.p.i.JtaPlatformInitiator       : HHH000490: Using JtaPlatform implementation: [org.hibernate.engine.transaction.jta.platform.internal.NoJtaPlatform]
2022-06-05 10:12:49.011  INFO 15344 --- [main] j.LocalContainerEntityManagerFactoryBean : Initialized JPA EntityManagerFactory for persistence unit 'default'
2022-06-05 10:12:49.636  WARN 15344 --- [main] JpaBaseConfiguration$JpaWebConfiguration : spring.jpa.open-in-view is enabled by default. Therefore, database queries may be performed during view rendering. Explicitly configure spring.jpa.open-in-view to disable this warning
2022-06-05 10:12:49.959  INFO 15344 --- [main] o.s.b.w.embedded.tomcat.TomcatWebServer  : Tomcat started on port(s): 8080 (http) with context path ''
2022-06-05 10:12:49.966  INFO 15344 --- [main] c.e.b.BookManagementApplication          : Started BookManagementApplication in 5.056 seconds (JVM running for 6.521)
2022-06-05 10:12:53.151  INFO 15344 --- [SpringApplicationShutdownHook] j.LocalContainerEntityManagerFactoryBean : Closing JPA EntityManagerFactory for persistence unit 'default'
2022-06-05 10:12:53.156  INFO 15344 --- [SpringApplicationShutdownHook] com.zaxxer.hikari.HikariDataSource       : HikariPool-1 - Shutdown initiated...
2022-06-05 10:12:53.168  INFO 15344 --- [SpringApplicationShutdownHook] com.zaxxer.hikari.HikariDataSource       : HikariPool-1 - Shutdown completed.
